<?xml version="1.0" encoding="UTF-8"?>
<!-- Generated by org.testng.reporters.JUnitXMLReporter -->
<testsuite ignored="0" hostname="DESKTOP-M0OO5DE" failures="0" tests="3" name="Default test" time="5.433" errors="0" timestamp="2023-01-13T09:59:42 IST">
  <testcase classname="extendReportsPractice.ER_driver" name="create" time="0.095"/>
  <testcase classname="extendReportsPractice.ER_driver" name="modify" time="0.003"/>
  <testcase classname="extendReportsPractice.ER_driver" name="remove" time="0.005"/>
</testsuite> <!-- Default test -->
