<?xml version="1.0" encoding="UTF-8"?>
<!-- Generated by org.testng.reporters.JUnitXMLReporter -->
<testsuite ignored="0" hostname="DESKTOP-M0OO5DE" failures="0" tests="3" name="Test" time="0.059" errors="0" timestamp="2022-11-15T14:50:07 IST">
  <testcase classname="mavenPac.ModifyTest" name="modifyTest" time="0.01"/>
  <testcase classname="mavenPac.CreateTest" name="createTest" time="0.002"/>
  <testcase classname="mavenPac.DeleteTest" name="modifyTest" time="0.002"/>
</testsuite> <!-- Test -->
