<?xml version="1.0" encoding="UTF-8"?>
<testng-results ignored="0" total="1" passed="1" failed="0" skipped="0">
  <reporter-output>
  </reporter-output>
  <suite started-at="2022-11-15T18:00:53 IST" name="Suite" finished-at="2022-11-15T18:02:05 IST" duration-ms="71967">
    <groups>
    </groups>
    <test started-at="2022-11-15T18:00:53 IST" name="Test" finished-at="2022-11-15T18:02:05 IST" duration-ms="71967">
      <class name="practice.Amazon">
        <test-method signature="main()[pri:0, instance:practice.Amazon@6bedbc4d]" started-at="2022-11-15T18:00:53 IST" name="main" finished-at="2022-11-15T18:02:05 IST" duration-ms="71926" status="PASS">
          <reporter-output>
          </reporter-output>
        </test-method> <!-- main -->
      </class> <!-- practice.Amazon -->
    </test> <!-- Test -->
  </suite> <!-- Suite -->
</testng-results>
