<?xml version="1.0" encoding="UTF-8"?>
<testng-results ignored="0" total="3" passed="3" failed="0" skipped="0">
  <reporter-output>
  </reporter-output>
  <suite started-at="2022-11-15T14:50:07 IST" name="Suite" finished-at="2022-11-15T14:50:07 IST" duration-ms="59">
    <groups>
    </groups>
    <test started-at="2022-11-15T14:50:07 IST" name="Test" finished-at="2022-11-15T14:50:07 IST" duration-ms="59">
      <class name="mavenPac.CreateTest">
        <test-method signature="createTest()[pri:0, instance:mavenPac.CreateTest@50ad3bc1]" started-at="2022-11-15T14:50:07 IST" name="createTest" finished-at="2022-11-15T14:50:07 IST" duration-ms="2" status="PASS">
          <reporter-output>
          </reporter-output>
        </test-method> <!-- createTest -->
      </class> <!-- mavenPac.CreateTest -->
      <class name="mavenPac.DeleteTest">
        <test-method signature="modifyTest()[pri:0, instance:mavenPac.DeleteTest@223aa2f7]" started-at="2022-11-15T14:50:07 IST" name="modifyTest" finished-at="2022-11-15T14:50:07 IST" duration-ms="2" status="PASS">
          <reporter-output>
          </reporter-output>
        </test-method> <!-- modifyTest -->
      </class> <!-- mavenPac.DeleteTest -->
      <class name="mavenPac.ModifyTest">
        <test-method signature="modifyTest()[pri:0, instance:mavenPac.ModifyTest@6c130c45]" started-at="2022-11-15T14:50:07 IST" name="modifyTest" finished-at="2022-11-15T14:50:07 IST" duration-ms="10" status="PASS">
          <reporter-output>
          </reporter-output>
        </test-method> <!-- modifyTest -->
      </class> <!-- mavenPac.ModifyTest -->
    </test> <!-- Test -->
  </suite> <!-- Suite -->
</testng-results>
